<req_EnumFilters>
<sID>93873</sID>
<dim>Statutory</dim>
</req_EnumFilters>

<res_EnumFilters>
<filterList>
  <filter name="Hierarchy" id="0" compose="" decompose="">
    <arg id="0" name="top" type="str" prompt="Member"/>
  </filter>
  <filter name="Children" id="1" compose="(%0.CHILDREN)" decompose="^\((.+)\.CHILDREN\)$">
    <arg id="0" name="top" type="str" prompt="Member"/>
  </filter>
  <filter name="Level" id="2" compose="DESCENDANTS(%0,%0.DIMENSION.LEVELS(%1))" decompose="^DESCENDANTS\((.+),.*\.LEVELS\((.+)\)\)$">
    <arg id="0" name="top" type="str" prompt="Member"/>
    <arg id="1" name="n" type="int" prompt="Level"/>
  </filter>
  <filter name="Descendants" id="3" compose="DESCENDANTS(%0)" decompose="^DESCENDANTS\( *(.+) *\)$">
    <arg id="0" name="top" type="str" prompt="Member"/>
  </filter>
  <filter name="Generation" id="4" compose="(%0.GENERATIONS(%1).MEMBERS)" decompose="^\((.+)\.GENERATIONS\((.+)\)\.MEMBERS\)$">
    <arg id="0" name="top" type="str" prompt="Member"/>
    <arg id="1" name="n" type="int" prompt="Generation"/>
  </filter>
  <filter name="UDA" id="5" compose="UDA(%0, %1)" decompose="^UDA\((.+), *(.+)\)$">
    <arg id="0" name="top" type="str" prompt="Top Dimension or Member"/>
    <arg id="1" name="uda" type="str" prompt="UDA"/>
  </filter>
  <filter name="Attribute" id="6" compose="ATTRIBUTE(%0)" decompose="^ATTRIBUTE\( *(.+) *\)$">
    <arg id="0" name="name" type="attribute" prompt="Attribute Member"/>
  </filter>
  <filter name="SharedLevel" id="7" compose="SHAREDLEVEL(%0,%0.DIMENSION.LEVELS(%1))" decompose="^SHAREDLEVEL\((.+),.*\.LEVELS\((.+)\)\)$">
    <arg id="0" name="top" type="str" prompt="Member"/>
    <arg id="1" name="n" type="int" prompt="Level"/>
  </filter>
</filterList>
</res_EnumFilters>

<req_EnumMembers>
<sID>93873</sID>
<dim>Statutory</dim>
<memberFilter>
  <filter name="Hierarchy">
    <arg id="0">Statutory</arg>
  </filter>
</memberFilter>
<getAtts>1</getAtts>
<alsTbl>none</alsTbl>
<allGenerations>0</allGenerations>
</req_EnumMembers>

<res_EnumMembers>
<overflow>0</overflow>
<mbrs enc="1">H01_Stat|H03_CapAd|H04_BarCap|H06_BoE|Stat_None</mbrs>
<atts enc="1">2|2|2|2|0</atts>
<mbrDesc enc="1">||||</mbrDesc>
</res_EnumMembers>
<req_EnumMembers>
<sID>93873</sID>
<dim>Statutory</dim>
<memberFilter>
  <filter name="UDA">
    <arg id="0">Statutory</arg>
    <arg id="1">"LC040"</arg>
  </filter>
</memberFilter>
<getAtts>1</getAtts>
<alsTbl>none</alsTbl>
<allGenerations>0</allGenerations>
</req_EnumMembers>

<res_EnumMembers>
<overflow>0</overflow>
<mbrs enc="1">V8031|V7044|V7045|V7046|V7047|V7048|V8000|V8018|V8020|V8024|V8025|V8026|V8030|V8032|V8033|V8039|V8040|V8041|V8045|V8046|V8047|V8050|V8051|V8052|V8053|V8054|V8055|V8056|V8057|V8058|V8059|V8060|V8061|V8062|V8063|V8065|V8067|V8076|V8079|V8084|V8116|V8117|V8118|V8119|V8120|V8121|V8122|V8123|V8124|V8125|V8126|V8128|V8129|V8131|V8132|V8133|V8134|V8135|V8136|V8137|V8138|V8139|V8144|V8145|V8146|V8147|V8148|V8149|V8150|V8151|V8152|V8153|V8154|V8155|V8165|V8166|V8167|V8168|V8169|V8171|V8179|V8180|V8188|V8189|V8190|V8191|V8192|V8193|V8196|V8199|V8204|V8205|V8206|V8207|V8208|V8210|V8211|V8212|V8213|V8214|V8215|V8216|V8217|V8218|V8219|V8221|V8222|V8223|V8224|V8225|V8226|V8227|V8228|V8230|V8234|V8235|V8236|V8237|V8238|V8239|V8243|V8244|V8245|V8246|V8247|V8248|V8249|V8250|V8253|V8254|V8256|V8257|V8258|V8259|V8264|V8266|V8267|V8268|V8269|V8272|V8273|V8275|V8276|V8277|V8278|V8284|V8285|V8293|V8294|V8295|V8296|V8297|V8298|V8299|V8310|V8311|V8312|V8313|V8316|V8317|V8318|V8319|V8322|V8323|V8324|V8326|V8327|V8329|V8330|V8331|V8332|V8335|V8336|V8337|V8347|V8348|V8349|V8351|V8352|V8354|V8357|V8358|V8363|V8364|V8365|V8367|V8368|V8378|V8379|V8381|V8382|V8383|V8384|V8385|V8387|V8388|V8389|V8390|V8391|V8392|V8393|V8394|V8395|V8396|V8397|V8398|V8399|V8413|V8415|V8427|V8428|V8429|V8430|V8433|V8435|V8438|V8439|V8446|V8448|V8451|V8452|V8453|V8454|V8457|V8458|V8459|V8462|V8463|V8464|V8468|V8469|V8470|V8471|V8472|V8473|V8474|V8475|V8476|V8477|V8478|V8479|V8482|V8483|V8484|V8485|V8486|V8487|V8489|V8493|V8494|V8496|V8530|V8533|V8555|V8578|V8579|V8582|V8583|V8584|V8585|V8588|V8589|V8590|V8591|V8592|V8593|V8594|V8595|V8596|V8598|V8599|V8603|V8604|V8605|V8606|V8607|V8608|V8609|V8610|V8611|V8613|V8614|V8615|V8616|V8617|V8618|V8619|V8621|V8628|V8630|V8631|V8632|V8633|V8634|V8642|V8643|V8644|V8649|V8650|V8651|V8653|V8654|V8656|V8657|V8658|V8659|V8661|V8663|V8664|V8666|V8667|V8673|V8674|V8675|V8677|V8679|V8683|V8684|V8695|V8696|V8697|V8699|V8700|V8703|V8704|V8705|V8706|V8707|V8708|V8709|V8710|V8711|V8712|V8713|V8714|V8716|V8717|V8718|V8719|V8720|V8721|V8722|V8724|V8730|V8731|V8732|V8733|V8734|V8737|V8738|V8739|V8741|V8742|V8743|V8744|V8746|V8747|V8748|V8749|V8750|V8751|V8752|V8753|V8756|V8758|V8765|V8770|V8777|V8778|V8779|V8781|V8783|V8784|V8786|V8787|V8788|V8791|V8792|V8795|V8798|V8800|V8801|V8802|V8803|V8804|V8805|V8806|V8807|V8808|V8809|V8810|V8811|V8812|V8813|V8814|V8815|V8816|V8817|V8818|V8819|V8820|V8822|V8825|V8826|V8827|V8828|V8829|V8830|V8831|V8832|V8833|V8834|V8835|V8836|V8837|V8838|V8839|V8840|V8841|V8842|V8843|V8844|V8845|V8848|V8849|V8851|V8853|V8854|V8855|V8856|V8858|V8860|V8861|V8863|V8864|V8865|V8866|V8871|V8872|V8873|V8874|V8875|V8877|V8878|V8879|V8880|V8884|V8896|V8897|V8898|V8899|V8900|V8901|V8902|V8903|V8905|V8906|V8907|V8908|V8909|V8914|V8916|V8917|V8918|V8919|V8922|V8923|V8924|V8925|V8926|V8928|V8930|V8931|V8941|V8944|V8945|V8967|V8968|V8969|V8970|V8971|V8974|V8975|V8976|V8977|V8978|V8979|V8992|V8993|V8994|V8995</mbrs>
<atts enc="1">0|0|0|0|0|0|0|0|0|0|0|0|0|0|0|0|0|0|0|0|0|0|0|0|0|0|0|0|0|0|0|0|0|0|0|0|0|0|0|0|0|0|0|0|0|0|0|0|0|0|0|0|0|0|0|0|0|0|0|0|0|0|0|0|0|0|0|0|0|0|0|0|0|0|0|0|0|0|0|0|0|0|0|0|0|0|0|0|0|0|0|0|0|0|0|0|0|0|0|0|0|0|0|0|0|0|0|0|0|0|0|0|0|0|0|0|0|0|0|0|0|0|0|0|0|0|0|0|0|0|0|0|0|0|0|0|0|0|0|0|0|0|0|0|0|0|0|0|0|0|0|0|0|0|0|0|0|0|0|0|0|0|0|0|0|0|0|0|0|0|0|0|0|0|0|0|0|0|0|0|0|0|0|0|0|0|0|0|0|0|0|0|0|0|0|0|0|0|0|0|0|0|0|0|0|0|0|0|0|0|0|0|0|0|0|0|0|0|0|0|0|0|0|0|0|0|0|0|0|0|0|0|0|0|0|0|0|0|0|0|0|0|0|0|0|0|0|0|0|0|0|0|0|0|0|0|0|0|0|0|0|0|0|0|0|0|0|0|0|0|0|0|0|0|0|0|0|0|0|0|0|0|0|0|0|0|0|0|0|0|0|0|0|0|0|0|0|0|0|0|0|0|0|0|0|0|0|0|0|0|0|0|0|0|0|0|0|0|0|0|0|0|0|0|0|0|0|0|0|0|0|0|0|0|0|0|0|0|0|0|0|0|0|0|0|0|0|0|0|0|0|0|0|0|0|0|0|0|0|0|0|0|0|0|0|0|0|0|0|0|0|0|0|0|0|0|0|0|0|0|0|0|0|0|0|0|0|0|0|0|0|0|0|0|0|0|0|0|0|0|0|0|0|0|0|0|0|0|0|0|0|0|0|0|0|0|0|0|0|0|0|0|0|0|0|0|0|0|0|0|0|0|0|0|0|0|0|0|0|0|0|0|0|0|0|0|0|0|0|0|0|0|0|0|0|0|0|0|0|0|0|0|0|0|0|0|0|0|0|0|0|0|0|0|0|0|0|0|0|0|0|0|0|0|0|0|0|0|0|0|0</atts>
<mbrDesc enc="1">||||||||||||||||||||||||||||||||||||||||||||||||||||||||||||||||||||||||||||||||||||||||||||||||||||||||||||||||||||||||||||||||||||||||||||||||||||||||||||||||||||||||||||||||||||||||||||||||||||||||||||||||||||||||||||||||||||||||||||||||||||||||||||||||||||||||||||||||||||||||||||||||||||||||||||||||||||||||||||||||||||||||||||||||||||||||||||||||||||||||||||||||||||||||||||||||||||||||||||||||||||||||||||||||||||||||||||||||||||||||||||||||||||||||||||||||||||||||||||||||||||||||||</mbrDesc>
</res_EnumMembers>
